The system is: Linux - 3.10.0-1062.12.1.el7.x86_64 - x86_64
Compiling the C compiler identification source file "CMakeCCompilerId.c" succeeded.
Compiler: /usr/bin/cc 
Build flags: 
Id flags:  

The output was:
0


Compilation of the C compiler identification source "CMakeCCompilerId.c" produced "a.out"

The C compiler identification is GNU, found in "/home/syinx/code/Syinx/build/CMakeFiles/3.17.0/CompilerIdC/a.out"

Compiling the CXX compiler identification source file "CMakeCXXCompilerId.cpp" succeeded.
Compiler: /usr/local/bin/c++ 
Build flags: 
Id flags:  

The output was:
0


Compilation of the CXX compiler identification source "CMakeCXXCompilerId.cpp" produced "a.out"

The CXX compiler identification is GNU, found in "/home/syinx/code/Syinx/build/CMakeFiles/3.17.0/CompilerIdCXX/a.out"

Determining if the C compiler works passed with the following output:
Change Dir: /home/syinx/code/Syinx/build/CMakeFiles/CMakeTmp

Run Build Command(s):/usr/bin/gmake cmTC_04880/fast && /usr/bin/gmake -f CMakeFiles/cmTC_04880.dir/build.make CMakeFiles/cmTC_04880.dir/build
gmake[1]: 进入目录“/home/syinx/code/Syinx/build/CMakeFiles/CMakeTmp”
Building C object CMakeFiles/cmTC_04880.dir/testCCompiler.c.o
/usr/bin/cc    -o CMakeFiles/cmTC_04880.dir/testCCompiler.c.o   -c /home/syinx/code/Syinx/build/CMakeFiles/CMakeTmp/testCCompiler.c
Linking C executable cmTC_04880
/usr/local/bin/cmake -E cmake_link_script CMakeFiles/cmTC_04880.dir/link.txt --verbose=1
/usr/bin/cc      CMakeFiles/cmTC_04880.dir/testCCompiler.c.o  -o cmTC_04880 
gmake[1]: 离开目录“/home/syinx/code/Syinx/build/CMakeFiles/CMakeTmp”



Detecting C compiler ABI info compiled with the following output:
Change Dir: /home/syinx/code/Syinx/build/CMakeFiles/CMakeTmp

Run Build Command(s):/usr/bin/gmake cmTC_cd706/fast && /usr/bin/gmake -f CMakeFiles/cmTC_cd706.dir/build.make CMakeFiles/cmTC_cd706.dir/build
gmake[1]: Entering directory `/home/syinx/code/Syinx/build/CMakeFiles/CMakeTmp'
Building C object CMakeFiles/cmTC_cd706.dir/CMakeCCompilerABI.c.o
/usr/bin/cc   -v -o CMakeFiles/cmTC_cd706.dir/CMakeCCompilerABI.c.o   -c /usr/local/share/cmake-3.17/Modules/CMakeCCompilerABI.c
Using built-in specs.
COLLECT_GCC=/usr/bin/cc
Target: x86_64-pc-linux-gnu
Configured with: ./configure --enable-checking=release --enable-languages=c,c++ --disable-multilib
Thread model: posix
gcc version 7.3.0 (GCC) 
COLLECT_GCC_OPTIONS='-v' '-o' 'CMakeFiles/cmTC_cd706.dir/CMakeCCompilerABI.c.o' '-c' '-mtune=generic' '-march=x86-64'
 /usr/local/libexec/gcc/x86_64-pc-linux-gnu/7.3.0/cc1 -quiet -v /usr/local/share/cmake-3.17/Modules/CMakeCCompilerABI.c -quiet -dumpbase CMakeCCompilerABI.c -mtune=generic -march=x86-64 -auxbase-strip CMakeFiles/cmTC_cd706.dir/CMakeCCompilerABI.c.o -version -o /tmp/ccvzZEpQ.s
GNU C11 (GCC) version 7.3.0 (x86_64-pc-linux-gnu)
	compiled by GNU C version 7.3.0, GMP version 6.0.0, MPFR version 3.1.1, MPC version 1.0.1, isl version none
warning: GMP header version 6.0.0 differs from library version 6.1.2.
warning: MPC header version 1.0.1 differs from library version 1.0.3.
GGC heuristics: --param ggc-min-expand=100 --param ggc-min-heapsize=131072
ignoring nonexistent directory "/usr/local/lib/gcc/x86_64-pc-linux-gnu/7.3.0/../../../../x86_64-pc-linux-gnu/include"
#include "..." search starts here:
#include <...> search starts here:
 /usr/local/lib/gcc/x86_64-pc-linux-gnu/7.3.0/include
 /usr/local/include
 /usr/local/lib/gcc/x86_64-pc-linux-gnu/7.3.0/include-fixed
 /usr/include
End of search list.
GNU C11 (GCC) version 7.3.0 (x86_64-pc-linux-gnu)
	compiled by GNU C version 7.3.0, GMP version 6.0.0, MPFR version 3.1.1, MPC version 1.0.1, isl version none
warning: GMP header version 6.0.0 differs from library version 6.1.2.
warning: MPC header version 1.0.1 differs from library version 1.0.3.
GGC heuristics: --param ggc-min-expand=100 --param ggc-min-heapsize=131072
Compiler executable checksum: 9ff178121724cf93d2a26cc6a4b7ef8b
COLLECT_GCC_OPTIONS='-v' '-o' 'CMakeFiles/cmTC_cd706.dir/CMakeCCompilerABI.c.o' '-c' '-mtune=generic' '-march=x86-64'
 as -v --64 -o CMakeFiles/cmTC_cd706.dir/CMakeCCompilerABI.c.o /tmp/ccvzZEpQ.s
GNU assembler version 2.27 (x86_64-redhat-linux) using BFD version version 2.27-41.base.el7_7.2
COMPILER_PATH=/usr/local/libexec/gcc/x86_64-pc-linux-gnu/7.3.0/:/usr/local/libexec/gcc/x86_64-pc-linux-gnu/7.3.0/:/usr/local/libexec/gcc/x86_64-pc-linux-gnu/:/usr/local/lib/gcc/x86_64-pc-linux-gnu/7.3.0/:/usr/local/lib/gcc/x86_64-pc-linux-gnu/
LIBRARY_PATH=/usr/local/lib/gcc/x86_64-pc-linux-gnu/7.3.0/:/usr/local/lib/gcc/x86_64-pc-linux-gnu/7.3.0/../../../../lib64/:/lib/../lib64/:/usr/lib/../lib64/:/usr/local/lib/gcc/x86_64-pc-linux-gnu/7.3.0/../../../:/lib/:/usr/lib/
COLLECT_GCC_OPTIONS='-v' '-o' 'CMakeFiles/cmTC_cd706.dir/CMakeCCompilerABI.c.o' '-c' '-mtune=generic' '-march=x86-64'
Linking C executable cmTC_cd706
/usr/local/bin/cmake -E cmake_link_script CMakeFiles/cmTC_cd706.dir/link.txt --verbose=1
/usr/bin/cc     -v CMakeFiles/cmTC_cd706.dir/CMakeCCompilerABI.c.o  -o cmTC_cd706 
Using built-in specs.
COLLECT_GCC=/usr/bin/cc
COLLECT_LTO_WRAPPER=/usr/local/libexec/gcc/x86_64-pc-linux-gnu/7.3.0/lto-wrapper
Target: x86_64-pc-linux-gnu
Configured with: ./configure --enable-checking=release --enable-languages=c,c++ --disable-multilib
Thread model: posix
gcc version 7.3.0 (GCC) 
COMPILER_PATH=/usr/local/libexec/gcc/x86_64-pc-linux-gnu/7.3.0/:/usr/local/libexec/gcc/x86_64-pc-linux-gnu/7.3.0/:/usr/local/libexec/gcc/x86_64-pc-linux-gnu/:/usr/local/lib/gcc/x86_64-pc-linux-gnu/7.3.0/:/usr/local/lib/gcc/x86_64-pc-linux-gnu/
LIBRARY_PATH=/usr/local/lib/gcc/x86_64-pc-linux-gnu/7.3.0/:/usr/local/lib/gcc/x86_64-pc-linux-gnu/7.3.0/../../../../lib64/:/lib/../lib64/:/usr/lib/../lib64/:/usr/local/lib/gcc/x86_64-pc-linux-gnu/7.3.0/../../../:/lib/:/usr/lib/
COLLECT_GCC_OPTIONS='-v' '-o' 'cmTC_cd706' '-mtune=generic' '-march=x86-64'
 /usr/local/libexec/gcc/x86_64-pc-linux-gnu/7.3.0/collect2 -plugin /usr/local/libexec/gcc/x86_64-pc-linux-gnu/7.3.0/liblto_plugin.so -plugin-opt=/usr/local/libexec/gcc/x86_64-pc-linux-gnu/7.3.0/lto-wrapper -plugin-opt=-fresolution=/tmp/ccnrGrMS.res -plugin-opt=-pass-through=-lgcc -plugin-opt=-pass-through=-lgcc_s -plugin-opt=-pass-through=-lc -plugin-opt=-pass-through=-lgcc -plugin-opt=-pass-through=-lgcc_s --eh-frame-hdr -m elf_x86_64 -dynamic-linker /lib64/ld-linux-x86-64.so.2 -o cmTC_cd706 /lib/../lib64/crt1.o /lib/../lib64/crti.o /usr/local/lib/gcc/x86_64-pc-linux-gnu/7.3.0/crtbegin.o -L/usr/local/lib/gcc/x86_64-pc-linux-gnu/7.3.0 -L/usr/local/lib/gcc/x86_64-pc-linux-gnu/7.3.0/../../../../lib64 -L/lib/../lib64 -L/usr/lib/../lib64 -L/usr/local/lib/gcc/x86_64-pc-linux-gnu/7.3.0/../../.. CMakeFiles/cmTC_cd706.dir/CMakeCCompilerABI.c.o -lgcc --as-needed -lgcc_s --no-as-needed -lc -lgcc --as-needed -lgcc_s --no-as-needed /usr/local/lib/gcc/x86_64-pc-linux-gnu/7.3.0/crtend.o /lib/../lib64/crtn.o
COLLECT_GCC_OPTIONS='-v' '-o' 'cmTC_cd706' '-mtune=generic' '-march=x86-64'
gmake[1]: Leaving directory `/home/syinx/code/Syinx/build/CMakeFiles/CMakeTmp'



Parsed C implicit include dir info from above output: rv=done
  found start of include info
  found start of implicit include info
    add: [/usr/local/lib/gcc/x86_64-pc-linux-gnu/7.3.0/include]
    add: [/usr/local/include]
    add: [/usr/local/lib/gcc/x86_64-pc-linux-gnu/7.3.0/include-fixed]
    add: [/usr/include]
  end of search list found
  collapse include dir [/usr/local/lib/gcc/x86_64-pc-linux-gnu/7.3.0/include] ==> [/usr/local/lib/gcc/x86_64-pc-linux-gnu/7.3.0/include]
  collapse include dir [/usr/local/include] ==> [/usr/local/include]
  collapse include dir [/usr/local/lib/gcc/x86_64-pc-linux-gnu/7.3.0/include-fixed] ==> [/usr/local/lib/gcc/x86_64-pc-linux-gnu/7.3.0/include-fixed]
  collapse include dir [/usr/include] ==> [/usr/include]
  implicit include dirs: [/usr/local/lib/gcc/x86_64-pc-linux-gnu/7.3.0/include;/usr/local/include;/usr/local/lib/gcc/x86_64-pc-linux-gnu/7.3.0/include-fixed;/usr/include]


Parsed C implicit link information from above output:
  link line regex: [^( *|.*[/\])(ld|CMAKE_LINK_STARTFILE-NOTFOUND|([^/\]+-)?ld|collect2)[^/\]*( |$)]
  ignore line: [Change Dir: /home/syinx/code/Syinx/build/CMakeFiles/CMakeTmp]
  ignore line: []
  ignore line: [Run Build Command(s):/usr/bin/gmake cmTC_cd706/fast && /usr/bin/gmake -f CMakeFiles/cmTC_cd706.dir/build.make CMakeFiles/cmTC_cd706.dir/build]
  ignore line: [gmake[1]: Entering directory `/home/syinx/code/Syinx/build/CMakeFiles/CMakeTmp']
  ignore line: [Building C object CMakeFiles/cmTC_cd706.dir/CMakeCCompilerABI.c.o]
  ignore line: [/usr/bin/cc   -v -o CMakeFiles/cmTC_cd706.dir/CMakeCCompilerABI.c.o   -c /usr/local/share/cmake-3.17/Modules/CMakeCCompilerABI.c]
  ignore line: [Using built-in specs.]
  ignore line: [COLLECT_GCC=/usr/bin/cc]
  ignore line: [Target: x86_64-pc-linux-gnu]
  ignore line: [Configured with: ./configure --enable-checking=release --enable-languages=c c++ --disable-multilib]
  ignore line: [Thread model: posix]
  ignore line: [gcc version 7.3.0 (GCC) ]
  ignore line: [COLLECT_GCC_OPTIONS='-v' '-o' 'CMakeFiles/cmTC_cd706.dir/CMakeCCompilerABI.c.o' '-c' '-mtune=generic' '-march=x86-64']
  ignore line: [ /usr/local/libexec/gcc/x86_64-pc-linux-gnu/7.3.0/cc1 -quiet -v /usr/local/share/cmake-3.17/Modules/CMakeCCompilerABI.c -quiet -dumpbase CMakeCCompilerABI.c -mtune=generic -march=x86-64 -auxbase-strip CMakeFiles/cmTC_cd706.dir/CMakeCCompilerABI.c.o -version -o /tmp/ccvzZEpQ.s]
  ignore line: [GNU C11 (GCC) version 7.3.0 (x86_64-pc-linux-gnu)]
  ignore line: [	compiled by GNU C version 7.3.0  GMP version 6.0.0  MPFR version 3.1.1  MPC version 1.0.1  isl version none]
  ignore line: [warning: GMP header version 6.0.0 differs from library version 6.1.2.]
  ignore line: [warning: MPC header version 1.0.1 differs from library version 1.0.3.]
  ignore line: [GGC heuristics: --param ggc-min-expand=100 --param ggc-min-heapsize=131072]
  ignore line: [ignoring nonexistent directory "/usr/local/lib/gcc/x86_64-pc-linux-gnu/7.3.0/../../../../x86_64-pc-linux-gnu/include"]
  ignore line: [#include "..." search starts here:]
  ignore line: [#include <...> search starts here:]
  ignore line: [ /usr/local/lib/gcc/x86_64-pc-linux-gnu/7.3.0/include]
  ignore line: [ /usr/local/include]
  ignore line: [ /usr/local/lib/gcc/x86_64-pc-linux-gnu/7.3.0/include-fixed]
  ignore line: [ /usr/include]
  ignore line: [End of search list.]
  ignore line: [GNU C11 (GCC) version 7.3.0 (x86_64-pc-linux-gnu)]
  ignore line: [	compiled by GNU C version 7.3.0  GMP version 6.0.0  MPFR version 3.1.1  MPC version 1.0.1  isl version none]
  ignore line: [warning: GMP header version 6.0.0 differs from library version 6.1.2.]
  ignore line: [warning: MPC header version 1.0.1 differs from library version 1.0.3.]
  ignore line: [GGC heuristics: --param ggc-min-expand=100 --param ggc-min-heapsize=131072]
  ignore line: [Compiler executable checksum: 9ff178121724cf93d2a26cc6a4b7ef8b]
  ignore line: [COLLECT_GCC_OPTIONS='-v' '-o' 'CMakeFiles/cmTC_cd706.dir/CMakeCCompilerABI.c.o' '-c' '-mtune=generic' '-march=x86-64']
  ignore line: [ as -v --64 -o CMakeFiles/cmTC_cd706.dir/CMakeCCompilerABI.c.o /tmp/ccvzZEpQ.s]
  ignore line: [GNU assembler version 2.27 (x86_64-redhat-linux) using BFD version version 2.27-41.base.el7_7.2]
  ignore line: [COMPILER_PATH=/usr/local/libexec/gcc/x86_64-pc-linux-gnu/7.3.0/:/usr/local/libexec/gcc/x86_64-pc-linux-gnu/7.3.0/:/usr/local/libexec/gcc/x86_64-pc-linux-gnu/:/usr/local/lib/gcc/x86_64-pc-linux-gnu/7.3.0/:/usr/local/lib/gcc/x86_64-pc-linux-gnu/]
  ignore line: [LIBRARY_PATH=/usr/local/lib/gcc/x86_64-pc-linux-gnu/7.3.0/:/usr/local/lib/gcc/x86_64-pc-linux-gnu/7.3.0/../../../../lib64/:/lib/../lib64/:/usr/lib/../lib64/:/usr/local/lib/gcc/x86_64-pc-linux-gnu/7.3.0/../../../:/lib/:/usr/lib/]
  ignore line: [COLLECT_GCC_OPTIONS='-v' '-o' 'CMakeFiles/cmTC_cd706.dir/CMakeCCompilerABI.c.o' '-c' '-mtune=generic' '-march=x86-64']
  ignore line: [Linking C executable cmTC_cd706]
  ignore line: [/usr/local/bin/cmake -E cmake_link_script CMakeFiles/cmTC_cd706.dir/link.txt --verbose=1]
  ignore line: [/usr/bin/cc     -v CMakeFiles/cmTC_cd706.dir/CMakeCCompilerABI.c.o  -o cmTC_cd706 ]
  ignore line: [Using built-in specs.]
  ignore line: [COLLECT_GCC=/usr/bin/cc]
  ignore line: [COLLECT_LTO_WRAPPER=/usr/local/libexec/gcc/x86_64-pc-linux-gnu/7.3.0/lto-wrapper]
  ignore line: [Target: x86_64-pc-linux-gnu]
  ignore line: [Configured with: ./configure --enable-checking=release --enable-languages=c c++ --disable-multilib]
  ignore line: [Thread model: posix]
  ignore line: [gcc version 7.3.0 (GCC) ]
  ignore line: [COMPILER_PATH=/usr/local/libexec/gcc/x86_64-pc-linux-gnu/7.3.0/:/usr/local/libexec/gcc/x86_64-pc-linux-gnu/7.3.0/:/usr/local/libexec/gcc/x86_64-pc-linux-gnu/:/usr/local/lib/gcc/x86_64-pc-linux-gnu/7.3.0/:/usr/local/lib/gcc/x86_64-pc-linux-gnu/]
  ignore line: [LIBRARY_PATH=/usr/local/lib/gcc/x86_64-pc-linux-gnu/7.3.0/:/usr/local/lib/gcc/x86_64-pc-linux-gnu/7.3.0/../../../../lib64/:/lib/../lib64/:/usr/lib/../lib64/:/usr/local/lib/gcc/x86_64-pc-linux-gnu/7.3.0/../../../:/lib/:/usr/lib/]
  ignore line: [COLLECT_GCC_OPTIONS='-v' '-o' 'cmTC_cd706' '-mtune=generic' '-march=x86-64']
  link line: [ /usr/local/libexec/gcc/x86_64-pc-linux-gnu/7.3.0/collect2 -plugin /usr/local/libexec/gcc/x86_64-pc-linux-gnu/7.3.0/liblto_plugin.so -plugin-opt=/usr/local/libexec/gcc/x86_64-pc-linux-gnu/7.3.0/lto-wrapper -plugin-opt=-fresolution=/tmp/ccnrGrMS.res -plugin-opt=-pass-through=-lgcc -plugin-opt=-pass-through=-lgcc_s -plugin-opt=-pass-through=-lc -plugin-opt=-pass-through=-lgcc -plugin-opt=-pass-through=-lgcc_s --eh-frame-hdr -m elf_x86_64 -dynamic-linker /lib64/ld-linux-x86-64.so.2 -o cmTC_cd706 /lib/../lib64/crt1.o /lib/../lib64/crti.o /usr/local/lib/gcc/x86_64-pc-linux-gnu/7.3.0/crtbegin.o -L/usr/local/lib/gcc/x86_64-pc-linux-gnu/7.3.0 -L/usr/local/lib/gcc/x86_64-pc-linux-gnu/7.3.0/../../../../lib64 -L/lib/../lib64 -L/usr/lib/../lib64 -L/usr/local/lib/gcc/x86_64-pc-linux-gnu/7.3.0/../../.. CMakeFiles/cmTC_cd706.dir/CMakeCCompilerABI.c.o -lgcc --as-needed -lgcc_s --no-as-needed -lc -lgcc --as-needed -lgcc_s --no-as-needed /usr/local/lib/gcc/x86_64-pc-linux-gnu/7.3.0/crtend.o /lib/../lib64/crtn.o]
    arg [/usr/local/libexec/gcc/x86_64-pc-linux-gnu/7.3.0/collect2] ==> ignore
    arg [-plugin] ==> ignore
    arg [/usr/local/libexec/gcc/x86_64-pc-linux-gnu/7.3.0/liblto_plugin.so] ==> ignore
    arg [-plugin-opt=/usr/local/libexec/gcc/x86_64-pc-linux-gnu/7.3.0/lto-wrapper] ==> ignore
    arg [-plugin-opt=-fresolution=/tmp/ccnrGrMS.res] ==> ignore
    arg [-plugin-opt=-pass-through=-lgcc] ==> ignore
    arg [-plugin-opt=-pass-through=-lgcc_s] ==> ignore
    arg [-plugin-opt=-pass-through=-lc] ==> ignore
    arg [-plugin-opt=-pass-through=-lgcc] ==> ignore
    arg [-plugin-opt=-pass-through=-lgcc_s] ==> ignore
    arg [--eh-frame-hdr] ==> ignore
    arg [-m] ==> ignore
    arg [elf_x86_64] ==> ignore
    arg [-dynamic-linker] ==> ignore
    arg [/lib64/ld-linux-x86-64.so.2] ==> ignore
    arg [-o] ==> ignore
    arg [cmTC_cd706] ==> ignore
    arg [/lib/../lib64/crt1.o] ==> ignore
    arg [/lib/../lib64/crti.o] ==> ignore
    arg [/usr/local/lib/gcc/x86_64-pc-linux-gnu/7.3.0/crtbegin.o] ==> ignore
    arg [-L/usr/local/lib/gcc/x86_64-pc-linux-gnu/7.3.0] ==> dir [/usr/local/lib/gcc/x86_64-pc-linux-gnu/7.3.0]
    arg [-L/usr/local/lib/gcc/x86_64-pc-linux-gnu/7.3.0/../../../../lib64] ==> dir [/usr/local/lib/gcc/x86_64-pc-linux-gnu/7.3.0/../../../../lib64]
    arg [-L/lib/../lib64] ==> dir [/lib/../lib64]
    arg [-L/usr/lib/../lib64] ==> dir [/usr/lib/../lib64]
    arg [-L/usr/local/lib/gcc/x86_64-pc-linux-gnu/7.3.0/../../..] ==> dir [/usr/local/lib/gcc/x86_64-pc-linux-gnu/7.3.0/../../..]
    arg [CMakeFiles/cmTC_cd706.dir/CMakeCCompilerABI.c.o] ==> ignore
    arg [-lgcc] ==> lib [gcc]
    arg [--as-needed] ==> ignore
    arg [-lgcc_s] ==> lib [gcc_s]
    arg [--no-as-needed] ==> ignore
    arg [-lc] ==> lib [c]
    arg [-lgcc] ==> lib [gcc]
    arg [--as-needed] ==> ignore
    arg [-lgcc_s] ==> lib [gcc_s]
    arg [--no-as-needed] ==> ignore
    arg [/usr/local/lib/gcc/x86_64-pc-linux-gnu/7.3.0/crtend.o] ==> ignore
    arg [/lib/../lib64/crtn.o] ==> ignore
  collapse library dir [/usr/local/lib/gcc/x86_64-pc-linux-gnu/7.3.0] ==> [/usr/local/lib/gcc/x86_64-pc-linux-gnu/7.3.0]
  collapse library dir [/usr/local/lib/gcc/x86_64-pc-linux-gnu/7.3.0/../../../../lib64] ==> [/usr/local/lib64]
  collapse library dir [/lib/../lib64] ==> [/lib64]
  collapse library dir [/usr/lib/../lib64] ==> [/usr/lib64]
  collapse library dir [/usr/local/lib/gcc/x86_64-pc-linux-gnu/7.3.0/../../..] ==> [/usr/local/lib]
  implicit libs: [gcc;gcc_s;c;gcc;gcc_s]
  implicit dirs: [/usr/local/lib/gcc/x86_64-pc-linux-gnu/7.3.0;/usr/local/lib64;/lib64;/usr/lib64;/usr/local/lib]
  implicit fwks: []


Determining if the CXX compiler works passed with the following output:
Change Dir: /home/syinx/code/Syinx/build/CMakeFiles/CMakeTmp

Run Build Command(s):/usr/bin/gmake cmTC_f554c/fast && /usr/bin/gmake -f CMakeFiles/cmTC_f554c.dir/build.make CMakeFiles/cmTC_f554c.dir/build
gmake[1]: 进入目录“/home/syinx/code/Syinx/build/CMakeFiles/CMakeTmp”
Building CXX object CMakeFiles/cmTC_f554c.dir/testCXXCompiler.cxx.o
/usr/local/bin/c++     -o CMakeFiles/cmTC_f554c.dir/testCXXCompiler.cxx.o -c /home/syinx/code/Syinx/build/CMakeFiles/CMakeTmp/testCXXCompiler.cxx
Linking CXX executable cmTC_f554c
/usr/local/bin/cmake -E cmake_link_script CMakeFiles/cmTC_f554c.dir/link.txt --verbose=1
/usr/local/bin/c++       CMakeFiles/cmTC_f554c.dir/testCXXCompiler.cxx.o  -o cmTC_f554c 
gmake[1]: 离开目录“/home/syinx/code/Syinx/build/CMakeFiles/CMakeTmp”



Detecting CXX compiler ABI info compiled with the following output:
Change Dir: /home/syinx/code/Syinx/build/CMakeFiles/CMakeTmp

Run Build Command(s):/usr/bin/gmake cmTC_7c8cb/fast && /usr/bin/gmake -f CMakeFiles/cmTC_7c8cb.dir/build.make CMakeFiles/cmTC_7c8cb.dir/build
gmake[1]: Entering directory `/home/syinx/code/Syinx/build/CMakeFiles/CMakeTmp'
Building CXX object CMakeFiles/cmTC_7c8cb.dir/CMakeCXXCompilerABI.cpp.o
/usr/local/bin/c++    -v -o CMakeFiles/cmTC_7c8cb.dir/CMakeCXXCompilerABI.cpp.o -c /usr/local/share/cmake-3.17/Modules/CMakeCXXCompilerABI.cpp
Using built-in specs.
COLLECT_GCC=/usr/local/bin/c++
Target: x86_64-pc-linux-gnu
Configured with: ./configure --enable-checking=release --enable-languages=c,c++ --disable-multilib
Thread model: posix
gcc version 7.3.0 (GCC) 
COLLECT_GCC_OPTIONS='-v' '-o' 'CMakeFiles/cmTC_7c8cb.dir/CMakeCXXCompilerABI.cpp.o' '-c' '-shared-libgcc' '-mtune=generic' '-march=x86-64'
 /usr/local/libexec/gcc/x86_64-pc-linux-gnu/7.3.0/cc1plus -quiet -v -D_GNU_SOURCE /usr/local/share/cmake-3.17/Modules/CMakeCXXCompilerABI.cpp -quiet -dumpbase CMakeCXXCompilerABI.cpp -mtune=generic -march=x86-64 -auxbase-strip CMakeFiles/cmTC_7c8cb.dir/CMakeCXXCompilerABI.cpp.o -version -o /tmp/ccVmsUCa.s
GNU C++14 (GCC) version 7.3.0 (x86_64-pc-linux-gnu)
	compiled by GNU C version 7.3.0, GMP version 6.0.0, MPFR version 3.1.1, MPC version 1.0.1, isl version none
warning: GMP header version 6.0.0 differs from library version 6.1.2.
warning: MPC header version 1.0.1 differs from library version 1.0.3.
GGC heuristics: --param ggc-min-expand=100 --param ggc-min-heapsize=131072
ignoring nonexistent directory "/usr/local/lib/gcc/x86_64-pc-linux-gnu/7.3.0/../../../../x86_64-pc-linux-gnu/include"
#include "..." search starts here:
#include <...> search starts here:
 /usr/local/lib/gcc/x86_64-pc-linux-gnu/7.3.0/../../../../include/c++/7.3.0
 /usr/local/lib/gcc/x86_64-pc-linux-gnu/7.3.0/../../../../include/c++/7.3.0/x86_64-pc-linux-gnu
 /usr/local/lib/gcc/x86_64-pc-linux-gnu/7.3.0/../../../../include/c++/7.3.0/backward
 /usr/local/lib/gcc/x86_64-pc-linux-gnu/7.3.0/include
 /usr/local/include
 /usr/local/lib/gcc/x86_64-pc-linux-gnu/7.3.0/include-fixed
 /usr/include
End of search list.
GNU C++14 (GCC) version 7.3.0 (x86_64-pc-linux-gnu)
	compiled by GNU C version 7.3.0, GMP version 6.0.0, MPFR version 3.1.1, MPC version 1.0.1, isl version none
warning: GMP header version 6.0.0 differs from library version 6.1.2.
warning: MPC header version 1.0.1 differs from library version 1.0.3.
GGC heuristics: --param ggc-min-expand=100 --param ggc-min-heapsize=131072
Compiler executable checksum: 76528b7e52f1cc0fcd8ac587b8d65209
COLLECT_GCC_OPTIONS='-v' '-o' 'CMakeFiles/cmTC_7c8cb.dir/CMakeCXXCompilerABI.cpp.o' '-c' '-shared-libgcc' '-mtune=generic' '-march=x86-64'
 as -v --64 -o CMakeFiles/cmTC_7c8cb.dir/CMakeCXXCompilerABI.cpp.o /tmp/ccVmsUCa.s
GNU assembler version 2.27 (x86_64-redhat-linux) using BFD version version 2.27-41.base.el7_7.2
COMPILER_PATH=/usr/local/libexec/gcc/x86_64-pc-linux-gnu/7.3.0/:/usr/local/libexec/gcc/x86_64-pc-linux-gnu/7.3.0/:/usr/local/libexec/gcc/x86_64-pc-linux-gnu/:/usr/local/lib/gcc/x86_64-pc-linux-gnu/7.3.0/:/usr/local/lib/gcc/x86_64-pc-linux-gnu/
LIBRARY_PATH=/usr/local/lib/gcc/x86_64-pc-linux-gnu/7.3.0/:/usr/local/lib/gcc/x86_64-pc-linux-gnu/7.3.0/../../../../lib64/:/lib/../lib64/:/usr/lib/../lib64/:/usr/local/lib/gcc/x86_64-pc-linux-gnu/7.3.0/../../../:/lib/:/usr/lib/
COLLECT_GCC_OPTIONS='-v' '-o' 'CMakeFiles/cmTC_7c8cb.dir/CMakeCXXCompilerABI.cpp.o' '-c' '-shared-libgcc' '-mtune=generic' '-march=x86-64'
Linking CXX executable cmTC_7c8cb
/usr/local/bin/cmake -E cmake_link_script CMakeFiles/cmTC_7c8cb.dir/link.txt --verbose=1
/usr/local/bin/c++      -v CMakeFiles/cmTC_7c8cb.dir/CMakeCXXCompilerABI.cpp.o  -o cmTC_7c8cb 
Using built-in specs.
COLLECT_GCC=/usr/local/bin/c++
COLLECT_LTO_WRAPPER=/usr/local/libexec/gcc/x86_64-pc-linux-gnu/7.3.0/lto-wrapper
Target: x86_64-pc-linux-gnu
Configured with: ./configure --enable-checking=release --enable-languages=c,c++ --disable-multilib
Thread model: posix
gcc version 7.3.0 (GCC) 
COMPILER_PATH=/usr/local/libexec/gcc/x86_64-pc-linux-gnu/7.3.0/:/usr/local/libexec/gcc/x86_64-pc-linux-gnu/7.3.0/:/usr/local/libexec/gcc/x86_64-pc-linux-gnu/:/usr/local/lib/gcc/x86_64-pc-linux-gnu/7.3.0/:/usr/local/lib/gcc/x86_64-pc-linux-gnu/
LIBRARY_PATH=/usr/local/lib/gcc/x86_64-pc-linux-gnu/7.3.0/:/usr/local/lib/gcc/x86_64-pc-linux-gnu/7.3.0/../../../../lib64/:/lib/../lib64/:/usr/lib/../lib64/:/usr/local/lib/gcc/x86_64-pc-linux-gnu/7.3.0/../../../:/lib/:/usr/lib/
COLLECT_GCC_OPTIONS='-v' '-o' 'cmTC_7c8cb' '-shared-libgcc' '-mtune=generic' '-march=x86-64'
 /usr/local/libexec/gcc/x86_64-pc-linux-gnu/7.3.0/collect2 -plugin /usr/local/libexec/gcc/x86_64-pc-linux-gnu/7.3.0/liblto_plugin.so -plugin-opt=/usr/local/libexec/gcc/x86_64-pc-linux-gnu/7.3.0/lto-wrapper -plugin-opt=-fresolution=/tmp/ccLj9rtb.res -plugin-opt=-pass-through=-lgcc_s -plugin-opt=-pass-through=-lgcc -plugin-opt=-pass-through=-lc -plugin-opt=-pass-through=-lgcc_s -plugin-opt=-pass-through=-lgcc --eh-frame-hdr -m elf_x86_64 -dynamic-linker /lib64/ld-linux-x86-64.so.2 -o cmTC_7c8cb /lib/../lib64/crt1.o /lib/../lib64/crti.o /usr/local/lib/gcc/x86_64-pc-linux-gnu/7.3.0/crtbegin.o -L/usr/local/lib/gcc/x86_64-pc-linux-gnu/7.3.0 -L/usr/local/lib/gcc/x86_64-pc-linux-gnu/7.3.0/../../../../lib64 -L/lib/../lib64 -L/usr/lib/../lib64 -L/usr/local/lib/gcc/x86_64-pc-linux-gnu/7.3.0/../../.. CMakeFiles/cmTC_7c8cb.dir/CMakeCXXCompilerABI.cpp.o -lstdc++ -lm -lgcc_s -lgcc -lc -lgcc_s -lgcc /usr/local/lib/gcc/x86_64-pc-linux-gnu/7.3.0/crtend.o /lib/../lib64/crtn.o
COLLECT_GCC_OPTIONS='-v' '-o' 'cmTC_7c8cb' '-shared-libgcc' '-mtune=generic' '-march=x86-64'
gmake[1]: Leaving directory `/home/syinx/code/Syinx/build/CMakeFiles/CMakeTmp'



Parsed CXX implicit include dir info from above output: rv=done
  found start of include info
  found start of implicit include info
    add: [/usr/local/lib/gcc/x86_64-pc-linux-gnu/7.3.0/../../../../include/c++/7.3.0]
    add: [/usr/local/lib/gcc/x86_64-pc-linux-gnu/7.3.0/../../../../include/c++/7.3.0/x86_64-pc-linux-gnu]
    add: [/usr/local/lib/gcc/x86_64-pc-linux-gnu/7.3.0/../../../../include/c++/7.3.0/backward]
    add: [/usr/local/lib/gcc/x86_64-pc-linux-gnu/7.3.0/include]
    add: [/usr/local/include]
    add: [/usr/local/lib/gcc/x86_64-pc-linux-gnu/7.3.0/include-fixed]
    add: [/usr/include]
  end of search list found
  collapse include dir [/usr/local/lib/gcc/x86_64-pc-linux-gnu/7.3.0/../../../../include/c++/7.3.0] ==> [/usr/local/include/c++/7.3.0]
  collapse include dir [/usr/local/lib/gcc/x86_64-pc-linux-gnu/7.3.0/../../../../include/c++/7.3.0/x86_64-pc-linux-gnu] ==> [/usr/local/include/c++/7.3.0/x86_64-pc-linux-gnu]
  collapse include dir [/usr/local/lib/gcc/x86_64-pc-linux-gnu/7.3.0/../../../../include/c++/7.3.0/backward] ==> [/usr/local/include/c++/7.3.0/backward]
  collapse include dir [/usr/local/lib/gcc/x86_64-pc-linux-gnu/7.3.0/include] ==> [/usr/local/lib/gcc/x86_64-pc-linux-gnu/7.3.0/include]
  collapse include dir [/usr/local/include] ==> [/usr/local/include]
  collapse include dir [/usr/local/lib/gcc/x86_64-pc-linux-gnu/7.3.0/include-fixed] ==> [/usr/local/lib/gcc/x86_64-pc-linux-gnu/7.3.0/include-fixed]
  collapse include dir [/usr/include] ==> [/usr/include]
  implicit include dirs: [/usr/local/include/c++/7.3.0;/usr/local/include/c++/7.3.0/x86_64-pc-linux-gnu;/usr/local/include/c++/7.3.0/backward;/usr/local/lib/gcc/x86_64-pc-linux-gnu/7.3.0/include;/usr/local/include;/usr/local/lib/gcc/x86_64-pc-linux-gnu/7.3.0/include-fixed;/usr/include]


Parsed CXX implicit link information from above output:
  link line regex: [^( *|.*[/\])(ld|CMAKE_LINK_STARTFILE-NOTFOUND|([^/\]+-)?ld|collect2)[^/\]*( |$)]
  ignore line: [Change Dir: /home/syinx/code/Syinx/build/CMakeFiles/CMakeTmp]
  ignore line: []
  ignore line: [Run Build Command(s):/usr/bin/gmake cmTC_7c8cb/fast && /usr/bin/gmake -f CMakeFiles/cmTC_7c8cb.dir/build.make CMakeFiles/cmTC_7c8cb.dir/build]
  ignore line: [gmake[1]: Entering directory `/home/syinx/code/Syinx/build/CMakeFiles/CMakeTmp']
  ignore line: [Building CXX object CMakeFiles/cmTC_7c8cb.dir/CMakeCXXCompilerABI.cpp.o]
  ignore line: [/usr/local/bin/c++    -v -o CMakeFiles/cmTC_7c8cb.dir/CMakeCXXCompilerABI.cpp.o -c /usr/local/share/cmake-3.17/Modules/CMakeCXXCompilerABI.cpp]
  ignore line: [Using built-in specs.]
  ignore line: [COLLECT_GCC=/usr/local/bin/c++]
  ignore line: [Target: x86_64-pc-linux-gnu]
  ignore line: [Configured with: ./configure --enable-checking=release --enable-languages=c c++ --disable-multilib]
  ignore line: [Thread model: posix]
  ignore line: [gcc version 7.3.0 (GCC) ]
  ignore line: [COLLECT_GCC_OPTIONS='-v' '-o' 'CMakeFiles/cmTC_7c8cb.dir/CMakeCXXCompilerABI.cpp.o' '-c' '-shared-libgcc' '-mtune=generic' '-march=x86-64']
  ignore line: [ /usr/local/libexec/gcc/x86_64-pc-linux-gnu/7.3.0/cc1plus -quiet -v -D_GNU_SOURCE /usr/local/share/cmake-3.17/Modules/CMakeCXXCompilerABI.cpp -quiet -dumpbase CMakeCXXCompilerABI.cpp -mtune=generic -march=x86-64 -auxbase-strip CMakeFiles/cmTC_7c8cb.dir/CMakeCXXCompilerABI.cpp.o -version -o /tmp/ccVmsUCa.s]
  ignore line: [GNU C++14 (GCC) version 7.3.0 (x86_64-pc-linux-gnu)]
  ignore line: [	compiled by GNU C version 7.3.0  GMP version 6.0.0  MPFR version 3.1.1  MPC version 1.0.1  isl version none]
  ignore line: [warning: GMP header version 6.0.0 differs from library version 6.1.2.]
  ignore line: [warning: MPC header version 1.0.1 differs from library version 1.0.3.]
  ignore line: [GGC heuristics: --param ggc-min-expand=100 --param ggc-min-heapsize=131072]
  ignore line: [ignoring nonexistent directory "/usr/local/lib/gcc/x86_64-pc-linux-gnu/7.3.0/../../../../x86_64-pc-linux-gnu/include"]
  ignore line: [#include "..." search starts here:]
  ignore line: [#include <...> search starts here:]
  ignore line: [ /usr/local/lib/gcc/x86_64-pc-linux-gnu/7.3.0/../../../../include/c++/7.3.0]
  ignore line: [ /usr/local/lib/gcc/x86_64-pc-linux-gnu/7.3.0/../../../../include/c++/7.3.0/x86_64-pc-linux-gnu]
  ignore line: [ /usr/local/lib/gcc/x86_64-pc-linux-gnu/7.3.0/../../../../include/c++/7.3.0/backward]
  ignore line: [ /usr/local/lib/gcc/x86_64-pc-linux-gnu/7.3.0/include]
  ignore line: [ /usr/local/include]
  ignore line: [ /usr/local/lib/gcc/x86_64-pc-linux-gnu/7.3.0/include-fixed]
  ignore line: [ /usr/include]
  ignore line: [End of search list.]
  ignore line: [GNU C++14 (GCC) version 7.3.0 (x86_64-pc-linux-gnu)]
  ignore line: [	compiled by GNU C version 7.3.0  GMP version 6.0.0  MPFR version 3.1.1  MPC version 1.0.1  isl version none]
  ignore line: [warning: GMP header version 6.0.0 differs from library version 6.1.2.]
  ignore line: [warning: MPC header version 1.0.1 differs from library version 1.0.3.]
  ignore line: [GGC heuristics: --param ggc-min-expand=100 --param ggc-min-heapsize=131072]
  ignore line: [Compiler executable checksum: 76528b7e52f1cc0fcd8ac587b8d65209]
  ignore line: [COLLECT_GCC_OPTIONS='-v' '-o' 'CMakeFiles/cmTC_7c8cb.dir/CMakeCXXCompilerABI.cpp.o' '-c' '-shared-libgcc' '-mtune=generic' '-march=x86-64']
  ignore line: [ as -v --64 -o CMakeFiles/cmTC_7c8cb.dir/CMakeCXXCompilerABI.cpp.o /tmp/ccVmsUCa.s]
  ignore line: [GNU assembler version 2.27 (x86_64-redhat-linux) using BFD version version 2.27-41.base.el7_7.2]
  ignore line: [COMPILER_PATH=/usr/local/libexec/gcc/x86_64-pc-linux-gnu/7.3.0/:/usr/local/libexec/gcc/x86_64-pc-linux-gnu/7.3.0/:/usr/local/libexec/gcc/x86_64-pc-linux-gnu/:/usr/local/lib/gcc/x86_64-pc-linux-gnu/7.3.0/:/usr/local/lib/gcc/x86_64-pc-linux-gnu/]
  ignore line: [LIBRARY_PATH=/usr/local/lib/gcc/x86_64-pc-linux-gnu/7.3.0/:/usr/local/lib/gcc/x86_64-pc-linux-gnu/7.3.0/../../../../lib64/:/lib/../lib64/:/usr/lib/../lib64/:/usr/local/lib/gcc/x86_64-pc-linux-gnu/7.3.0/../../../:/lib/:/usr/lib/]
  ignore line: [COLLECT_GCC_OPTIONS='-v' '-o' 'CMakeFiles/cmTC_7c8cb.dir/CMakeCXXCompilerABI.cpp.o' '-c' '-shared-libgcc' '-mtune=generic' '-march=x86-64']
  ignore line: [Linking CXX executable cmTC_7c8cb]
  ignore line: [/usr/local/bin/cmake -E cmake_link_script CMakeFiles/cmTC_7c8cb.dir/link.txt --verbose=1]
  ignore line: [/usr/local/bin/c++      -v CMakeFiles/cmTC_7c8cb.dir/CMakeCXXCompilerABI.cpp.o  -o cmTC_7c8cb ]
  ignore line: [Using built-in specs.]
  ignore line: [COLLECT_GCC=/usr/local/bin/c++]
  ignore line: [COLLECT_LTO_WRAPPER=/usr/local/libexec/gcc/x86_64-pc-linux-gnu/7.3.0/lto-wrapper]
  ignore line: [Target: x86_64-pc-linux-gnu]
  ignore line: [Configured with: ./configure --enable-checking=release --enable-languages=c c++ --disable-multilib]
  ignore line: [Thread model: posix]
  ignore line: [gcc version 7.3.0 (GCC) ]
  ignore line: [COMPILER_PATH=/usr/local/libexec/gcc/x86_64-pc-linux-gnu/7.3.0/:/usr/local/libexec/gcc/x86_64-pc-linux-gnu/7.3.0/:/usr/local/libexec/gcc/x86_64-pc-linux-gnu/:/usr/local/lib/gcc/x86_64-pc-linux-gnu/7.3.0/:/usr/local/lib/gcc/x86_64-pc-linux-gnu/]
  ignore line: [LIBRARY_PATH=/usr/local/lib/gcc/x86_64-pc-linux-gnu/7.3.0/:/usr/local/lib/gcc/x86_64-pc-linux-gnu/7.3.0/../../../../lib64/:/lib/../lib64/:/usr/lib/../lib64/:/usr/local/lib/gcc/x86_64-pc-linux-gnu/7.3.0/../../../:/lib/:/usr/lib/]
  ignore line: [COLLECT_GCC_OPTIONS='-v' '-o' 'cmTC_7c8cb' '-shared-libgcc' '-mtune=generic' '-march=x86-64']
  link line: [ /usr/local/libexec/gcc/x86_64-pc-linux-gnu/7.3.0/collect2 -plugin /usr/local/libexec/gcc/x86_64-pc-linux-gnu/7.3.0/liblto_plugin.so -plugin-opt=/usr/local/libexec/gcc/x86_64-pc-linux-gnu/7.3.0/lto-wrapper -plugin-opt=-fresolution=/tmp/ccLj9rtb.res -plugin-opt=-pass-through=-lgcc_s -plugin-opt=-pass-through=-lgcc -plugin-opt=-pass-through=-lc -plugin-opt=-pass-through=-lgcc_s -plugin-opt=-pass-through=-lgcc --eh-frame-hdr -m elf_x86_64 -dynamic-linker /lib64/ld-linux-x86-64.so.2 -o cmTC_7c8cb /lib/../lib64/crt1.o /lib/../lib64/crti.o /usr/local/lib/gcc/x86_64-pc-linux-gnu/7.3.0/crtbegin.o -L/usr/local/lib/gcc/x86_64-pc-linux-gnu/7.3.0 -L/usr/local/lib/gcc/x86_64-pc-linux-gnu/7.3.0/../../../../lib64 -L/lib/../lib64 -L/usr/lib/../lib64 -L/usr/local/lib/gcc/x86_64-pc-linux-gnu/7.3.0/../../.. CMakeFiles/cmTC_7c8cb.dir/CMakeCXXCompilerABI.cpp.o -lstdc++ -lm -lgcc_s -lgcc -lc -lgcc_s -lgcc /usr/local/lib/gcc/x86_64-pc-linux-gnu/7.3.0/crtend.o /lib/../lib64/crtn.o]
    arg [/usr/local/libexec/gcc/x86_64-pc-linux-gnu/7.3.0/collect2] ==> ignore
    arg [-plugin] ==> ignore
    arg [/usr/local/libexec/gcc/x86_64-pc-linux-gnu/7.3.0/liblto_plugin.so] ==> ignore
    arg [-plugin-opt=/usr/local/libexec/gcc/x86_64-pc-linux-gnu/7.3.0/lto-wrapper] ==> ignore
    arg [-plugin-opt=-fresolution=/tmp/ccLj9rtb.res] ==> ignore
    arg [-plugin-opt=-pass-through=-lgcc_s] ==> ignore
    arg [-plugin-opt=-pass-through=-lgcc] ==> ignore
    arg [-plugin-opt=-pass-through=-lc] ==> ignore
    arg [-plugin-opt=-pass-through=-lgcc_s] ==> ignore
    arg [-plugin-opt=-pass-through=-lgcc] ==> ignore
    arg [--eh-frame-hdr] ==> ignore
    arg [-m] ==> ignore
    arg [elf_x86_64] ==> ignore
    arg [-dynamic-linker] ==> ignore
    arg [/lib64/ld-linux-x86-64.so.2] ==> ignore
    arg [-o] ==> ignore
    arg [cmTC_7c8cb] ==> ignore
    arg [/lib/../lib64/crt1.o] ==> ignore
    arg [/lib/../lib64/crti.o] ==> ignore
    arg [/usr/local/lib/gcc/x86_64-pc-linux-gnu/7.3.0/crtbegin.o] ==> ignore
    arg [-L/usr/local/lib/gcc/x86_64-pc-linux-gnu/7.3.0] ==> dir [/usr/local/lib/gcc/x86_64-pc-linux-gnu/7.3.0]
    arg [-L/usr/local/lib/gcc/x86_64-pc-linux-gnu/7.3.0/../../../../lib64] ==> dir [/usr/local/lib/gcc/x86_64-pc-linux-gnu/7.3.0/../../../../lib64]
    arg [-L/lib/../lib64] ==> dir [/lib/../lib64]
    arg [-L/usr/lib/../lib64] ==> dir [/usr/lib/../lib64]
    arg [-L/usr/local/lib/gcc/x86_64-pc-linux-gnu/7.3.0/../../..] ==> dir [/usr/local/lib/gcc/x86_64-pc-linux-gnu/7.3.0/../../..]
    arg [CMakeFiles/cmTC_7c8cb.dir/CMakeCXXCompilerABI.cpp.o] ==> ignore
    arg [-lstdc++] ==> lib [stdc++]
    arg [-lm] ==> lib [m]
    arg [-lgcc_s] ==> lib [gcc_s]
    arg [-lgcc] ==> lib [gcc]
    arg [-lc] ==> lib [c]
    arg [-lgcc_s] ==> lib [gcc_s]
    arg [-lgcc] ==> lib [gcc]
    arg [/usr/local/lib/gcc/x86_64-pc-linux-gnu/7.3.0/crtend.o] ==> ignore
    arg [/lib/../lib64/crtn.o] ==> ignore
  collapse library dir [/usr/local/lib/gcc/x86_64-pc-linux-gnu/7.3.0] ==> [/usr/local/lib/gcc/x86_64-pc-linux-gnu/7.3.0]
  collapse library dir [/usr/local/lib/gcc/x86_64-pc-linux-gnu/7.3.0/../../../../lib64] ==> [/usr/local/lib64]
  collapse library dir [/lib/../lib64] ==> [/lib64]
  collapse library dir [/usr/lib/../lib64] ==> [/usr/lib64]
  collapse library dir [/usr/local/lib/gcc/x86_64-pc-linux-gnu/7.3.0/../../..] ==> [/usr/local/lib]
  implicit libs: [stdc++;m;gcc_s;gcc;c;gcc_s;gcc]
  implicit dirs: [/usr/local/lib/gcc/x86_64-pc-linux-gnu/7.3.0;/usr/local/lib64;/lib64;/usr/lib64;/usr/local/lib]
  implicit fwks: []


